
2022/12/15 (20:44:30) | ===> btop++ v.1.2.13
2022/12/15 (20:44:30) | WARNING: No UTF-8 locale detected! Some symbols might not display correctly.
2022/12/15 (20:52:45) | ERROR: Stall in Runner thread, restarting!
2022/12/15 (20:53:07) | ERROR: Stall in Runner thread, restarting!

2022/12/15 (22:07:06) | ===> btop++ v.1.2.13
2022/12/15 (22:07:06) | WARNING: No UTF-8 locale detected! Some symbols might not display correctly.

2022/12/15 (23:35:27) | ===> btop++ v.1.2.13
2022/12/15 (23:35:27) | WARNING: No UTF-8 locale detected! Some symbols might not display correctly.

2022/12/19 (15:09:03) | ===> btop++ v.1.2.13
2022/12/19 (15:09:03) | WARNING: No UTF-8 locale detected! Some symbols might not display correctly.

2022/12/19 (15:12:48) | ===> btop++ v.1.2.13
2022/12/19 (15:12:48) | WARNING: No UTF-8 locale detected! Some symbols might not display correctly.

2022/12/26 (17:10:41) | ===> btop++ v.1.2.13
2022/12/26 (17:10:41) | WARNING: No UTF-8 locale detected! Some symbols might not display correctly.

2022/12/30 (01:33:40) | ===> btop++ v.1.2.13
2022/12/30 (01:33:40) | WARNING: No UTF-8 locale detected! Some symbols might not display correctly.

2022/12/30 (15:56:06) | ===> btop++ v.1.2.13
2022/12/30 (15:56:06) | WARNING: No UTF-8 locale detected! Some symbols might not display correctly.

2023/01/02 (15:41:40) | ===> btop++ v.1.2.13
2023/01/02 (15:41:40) | WARNING: No UTF-8 locale detected! Some symbols might not display correctly.

2023/01/07 (18:44:14) | ===> btop++ v.1.2.13
2023/01/07 (18:44:14) | WARNING: No UTF-8 locale detected! Some symbols might not display correctly.

2023/01/11 (15:03:35) | ===> btop++ v.1.2.13
2023/01/11 (15:03:35) | WARNING: No UTF-8 locale detected! Some symbols might not display correctly.

2023/01/30 (17:37:12) | ===> btop++ v.1.2.13
2023/01/30 (17:37:12) | WARNING: No UTF-8 locale detected! Some symbols might not display correctly.
2023/01/30 (17:58:50) | ERROR: Stall in Runner thread, restarting!
2023/01/30 (18:02:31) | ERROR: Stall in Runner thread, restarting!
2023/01/30 (18:02:46) | ERROR: Stall in Runner thread, restarting!
2023/01/30 (18:24:01) | ERROR: Stall in Runner thread, restarting!
2023/01/30 (18:24:08) | ERROR: Stall in Runner thread, restarting!

2023/04/08 (23:16:41) | ===> btop++ v.1.2.13
2023/04/08 (23:16:41) | WARNING: No UTF-8 locale detected! Some symbols might not display correctly.
2023/04/08 (23:16:55) | ERROR: Invalid hex value: 40a02b
theme[temp_mid]=
2023/04/08 (23:16:57) | ERROR: Invalid hex value: 89dceb

# Process box color gradient for threads, mem and cpu usage (Sapphire -> Mauve)
theme[process_start]=
2023/04/08 (23:16:57) | ERROR: Invalid hex value: 89dceb

# Process box color gradient for threads, mem and cpu usage (Sapphire -> Mauve)
theme[process_start]=
2023/04/08 (23:17:15) | ERROR: Invalid hex value: 40a02b
theme[temp_mid]=
2023/04/08 (23:17:17) | ERROR: Invalid hex value: 89dceb

# Process box color gradient for threads, mem and cpu usage (Sapphire -> Mauve)
theme[process_start]=
2023/04/08 (23:17:22) | ERROR: Invalid hex value: 89dceb

# Process box color gradient for threads, mem and cpu usage (Sapphire -> Mauve)
theme[process_start]=
2023/04/08 (23:17:25) | ERROR: Invalid hex value: 40a02b
theme[temp_mid]=
2023/04/08 (23:17:26) | ERROR: Invalid hex value: 40a02b
theme[temp_mid]=
2023/04/08 (23:17:28) | ERROR: Invalid hex value: 89dceb

# Process box color gradient for threads, mem and cpu usage (Sapphire -> Mauve)
theme[process_start]=
2023/04/08 (23:17:29) | ERROR: Invalid hex value: 89dceb

# Process box color gradient for threads, mem and cpu usage (Sapphire -> Mauve)
theme[process_start]=
2023/04/08 (23:17:47) | ERROR: Invalid hex value: 89dceb

# Process box color gradient for threads, mem and cpu usage (Sapphire -> Mauve)
theme[process_start]=
